64f08d5c0d8b795a00122bc7d67d3122 9b9ae1a1e193822aca81d84548a947ab ./bionic/libc/bionic/bionic_time_conversions.cpp
3e4ac597a4af115847ae955e9b616b1d 6db9411ae820588a4c3168efdc3e487f ./build/core/Makefile
984f42d80b4482d27505ce93341dd670 3028bfd76009c6e75729c2a3f047b036 ./build/core/pathmap.mk
0582915f3349a4fb9bd998f3f708a734 586e798d393740f1d1b346bf9d3f09a9 ./build/tools/releasetools/build_image.py
efe4786483073fb1c374d1d1199fd619 107b7fb67d57a6ff7ecdd6ea034b3b1c ./build/tools/releasetools/common.py
aa1deb4fa8e634a7ca71104314b5fd16 33a0ddcd6e23ad1f6b2731c708aaf828 ./build/tools/releasetools/edify_generator.py
dc03e3764cd32710f25a7eb1b52af4ba bf2df2dd6c1a44bacedec1776ba19d94 ./build/tools/releasetools/img_from_target_files.py
fa088a3667fdde7991127a905d219b71 13b09d34e5ddf2a52cfa5a731ea7cfbb ./build/tools/releasetools/ota_from_target_files
63f455877ce94c08fd2866edcda96ef5 0923155b864b7223184c2b2c3aeddfe2 ./build/tools/releasetools/sign_target_files_apks
6a117187c9ef1045cbe4c1e3233e3b93 faa608b998f8017f5da8f251d9128892 ./build/tools/releasetools/add_img_to_target_files
60a6e59a46168bae0c0961f82079719e cc657d3621c5170497221257236ded52 ./external/chromium_org/gpu/config/gpu_driver_bug_list_json.cc
57fb87a275fc4bcf3eac7d263592b90b b55f93a10d8ce5d6288724fecbda5fe0 ./external/libnfc-nxp/src/phHal4Nfc.c
2befbc91a15c3b23510fae03cda36263 944f0993f2b2a3cc8dd1b0ce8be223fb ./external/libnfc-nxp/src/phLibNfc.c
48f0528b2d22592dec644a9dccc82b9b 99c2d469a0b413aa474bf34b76ecc84e ./external/libnfc-nxp/src/phLibNfc.h
8a571ce47588215bf644f79ee64f7fdc 9dcb8ec66dc4a7cbb85a446c1a5ea43a ./external/bluetooth/bluedroid/btif/include/btif_api.h
bc5a0735be42ae2c90fa5d02953b66d9 2982dcec2245677a4bf8bb1b3bf4987a ./external/bluetooth/bluedroid/btif/src/bluetooth.c
f7608712f5a0a4e98dc77feba3731968 9e8e2a294686893260b5cd99cd281288 ./external/bluetooth/bluedroid/btif/src/btif_core.c
40d0190c563dcafd863e22c5eb3b0c94 940a34eb10cb8d58b67e5684c45e9de5 ./external/bluetooth/bluedroid/main/Android.mk
09ecd42940c5478403334bc4eedadf05 a25c313005d788da872e4acf4e40e4da ./frameworks/base/libs/hwui/OpenGLRenderer.cpp
58c05b53de6c3798500d0054e01ea191 4ad91932c0f2fc326c1afa88b37e3d5c ./frameworks/base/services/core/java/com/android/server/MountService.java
c3dada889637034162e837b8f9514df4 60f7b16fd21988e77e6de65e5b5f7cdf ./frameworks/base/services/core/java/com/android/server/am/ProcessList.java
c645067edb9828c01cdf14c68450b82b a55a507c11bb7c7115d37a060f85420f ./frameworks/base/services/core/java/com/android/server/display/AutomaticBrightnessController.java
b175965d838aa6e2982b9b6a2fc3a48b 2682b7f16325d5fbce93f0f1cc71b625 ./frameworks/base/services/core/java/com/android/server/display/DisplayPowerController.java
419a8e724e9bc23ebfc4701191b79500 41d2237f0d888f3cbcc5595d9d50e547 ./frameworks/base/services/core/java/com/android/server/display/DisplayPowerState.java
d8f0614f8841e2c694dcb434cbdb21f3 f7052b832d203616632c159079f16dbc ./frameworks/base/services/core/java/com/android/server/lights/LightsManager.java
74d407af3e666f9f370f94dd7384141d 23289948f9cf5151db38db3733e700ca ./frameworks/base/services/core/java/com/android/server/power/PowerManagerService.java
9f44dd71bdc945adaba0fab641d17dcd 04d370e2c88eb8eb6b71a68c396c03c7 ./frameworks/base/media/java/android/media/AudioAttributes.java
fe83726fa9c3bbec43c58e1a2b51e69b c0195d74a2a562e18a2bc4aa3d4c6890 ./frameworks/base/media/java/android/media/AudioRecord.java
2cca1c400fa78bf07c8245e9d1d334c7 dfa392f11dd48e0edb7bb345d06f25a7 ./frameworks/base/media/java/android/media/MediaRecorder.java
43b4600fd1d0321388c3d2093f75e2ec 5ba1486acaffaba83c250c93fd361f74 ./frameworks/opt/telephony/src/java/com/android/internal/telephony/RIL.java
2f129353cf40332b07c97ae4770b566f 2f98f88b9404f766f976ea632a41c974 ./frameworks/av/services/audiopolicy/AudioPolicyManager.cpp
034b69b80a40470a5eeec0830cf68dd3 2535312939360a41bf3834e93f5a1e33 ./hardware/broadcom/libbt/Android.mk
-------------------------------- 6449296a0cedf743d76295b1ebe5eb9c ./hardware/broadcom/libbt/conf/sony/nozomi/Android.mk
-------------------------------- 75ea406d59e96bdda5fc580c2870cb69 ./hardware/broadcom/libbt/conf/sony/nozomi/bt_vendor.conf
-------------------------------- 944dfa963b34f6d274eedf4fa24f30d5 ./hardware/broadcom/libbt/include/vnd_nozomi.txt
40ef0fc14c53e5a9cb3821f543882a38 7e598b111319034046c53946fb9e3798 ./hardware/libhardware/include/hardware/bluetooth.h
40e753ec5a07e2008997b70b92e935a3 5ffb3a92c4993f275123326879d075b3 ./hardware/libhardware/include/hardware/bt_av.h
1d8ed76204b9cfe7fbe98020d5a36441 1d8ed76204b9cfe7fbe98020d5a36441 ./hardware/libhardware/include/hardware/bt_gatt_server.h
ecc8e7c360976ac26e0ddf20a01ad651 da456ab876c2db35ed9e0f3b2557d38d ./hardware/libhardware/include/hardware/bt_hf.h
734c34192d5801cb8c81c496e4e20599 ca2650e39f44538c237ae3d7403e2326 ./hardware/libhardware/include/hardware/bt_hh.h
780f48038ff8adb4529169586bf7afec b1c9c69b40b974b921e8513f32af533d ./hardware/libhardware/include/hardware/bt_rc.h
2b0f72f3ce5e73189fe4269ab93a13b7 1b0edd5fb56139cccbed4e64d76f53fb ./hardware/libhardware/include/hardware/bt_sock.h
-------------------------------- 2f20f20c2d1dfddb2c38200ea2a91526 ./hardware/libhardware/include/hardware/fmradio.h
3300154e147fd5d2fc863960a4922eb7 ea6e2b64c00be25ae687bf5430c5175a ./hardware/libhardware_legacy/audio/AudioPolicyManagerBase.cpp
6e7cdb6df6767471584602616cb88f75 2ef84912787214995bd23d907aa85866 ./packages/apps/Camera2/AndroidManifest.xml
-------------------------------- 9fc38b6b09859cd7ae345ead73e431ab ./packages/apps/Camera2/src/com/android/camera/CameraButtonIntentReceiver.java
24f45c1327d6a18dabb3c7548f3a124b 8bf73b764b40ed826123b13f1b51c47b ./packages/apps/Email/emailcommon/src/com/android/emailcommon/provider/Policy.java
50d27b8efe2567b634ad11992edf9605 152703651feb3cfb7b161033a458980c ./packages/apps/Email/src/com/android/email/SecurityPolicy.java
6bbc890979ee7b4c48ffdd7c5a4f8eb4 b75d311f36d1a03381357a53e94ba329 ./packages/apps/Nfc/nxp/jni/com_android_nfc_NativeNfcManager.cpp
b16d9e64b8d89d76619c1d14919397c6 2c8b021f6f6ba4b1f02ebfdc60cbcede ./packages/apps/Settings/res/layout/button_backlight.xml
20589fb7c2594de9f45b4426adc49598 cf5b08da2c867152eab81cdb27b1d5eb ./packages/apps/Settings/res/values/arrays.xml
e30b6545e580df48f6d5861236c5abca 27513c054f709332b314b011b21f435a ./packages/apps/Settings/res/values/strings.xml
e04006b1752fc93ebcf5f84c4384013a b2f1c503765c8c1e8fec555a398c9cf6 ./packages/apps/Settings/res/xml/development_prefs.xml
adc4a490507031a0a647464da78c0ed0 eb046eca790b2b39acb53b220cb42470 ./packages/apps/Settings/src/com/android/settings/DevelopmentSettings.java
-------------------------------- e986837f867f8776f6a5b0c817e67e7f ./packages/apps/Settings/src/com/android/settings/cyanogenmod/BacklightAdaptiveSeekBar.java
a4863ccb6ffbb88d493d381710a04204 d603fdb5643b24a908cf9dcc5a51a21c ./packages/apps/Settings/src/com/android/settings/cyanogenmod/ButtonBacklightBrightness.java
1585e1755064ee1667592ae9387c5513 10b46d5da789e0a04b842e4474227000 ./packages/apps/Settings/src/com/android/settings/fuelgauge/PowerUsageSummary.java
-------------------------------- acedb4a783a3c04755f9b464d7f10ba1 ./packages/apps/Settings/src/com/android/settings/util/FileUtils.java
4bd7a2a4169692fdbe932f4c667bd859 21c15a74f56fa807d245a25898baa8d7 ./packages/apps/Bluetooth/Android.mk
-------------------------------- f3020276e9c2f8704838b04544ac5dfb ./packages/apps/Bluetooth/fmradio/AndroidManifest.xml
-------------------------------- a5e8d026ce315cde63bc0532b93d559a ./packages/apps/Bluetooth/fmradio/com/broadcom/fm/FmHardware.java
-------------------------------- a7de9f9185686842d6654ba68e7819a9 ./packages/apps/Bluetooth/fmradio/com/broadcom/fm/FmReceiverAction.java
-------------------------------- a4a051e4f9f7bc71510aa429a4447f6b ./packages/apps/Bluetooth/fmradio/com/broadcom/fm/FmReceiverHandler.java
-------------------------------- 27f610049f9125748d44b47c76a85bc2 ./packages/apps/Bluetooth/fmradio/com/broadcom/fm/FmReceiverService.java
-------------------------------- ba7a31279947ef9a5dc14ff4d7df3734 ./packages/apps/Bluetooth/fmradio/com/broadcom/fm/FmReceiverState.java
2d5f2c6baebddc1ba5f6f71ba83cc0e8 f78b707f3e9411ff97161ad0375228df ./packages/apps/Bluetooth/jni/Android.mk
eafd58826eb723a1cbe6b4f713062dcb af03bcf8df84d81845cea715adcf50c0 ./packages/apps/Bluetooth/jni/com_android_bluetooth.h
a43037123f7dbef6933c2ac38c00f5f0 ab22d53f08b323b266eaa90ee783a09a ./packages/apps/Bluetooth/jni/com_android_bluetooth_btservice_AdapterService.cpp
-------------------------------- 671212f828e965b8484d64616dd81cbc ./packages/apps/Bluetooth/jni/com_broadcom_fm.cpp
5a5ee9b719ea353b3c7a3b054e923cf2 e7f267ddd074764c187f8cc4ec3b64c7 ./packages/apps/Bluetooth/src/com/android/bluetooth/a2dp/A2dpSinkService.java
1dca4349b507dfd1c0df0bd90b2d0a16 18c9c496c8e439f7c9d42a8a64dde6bd ./packages/apps/Bluetooth/src/com/android/bluetooth/avrcp/Avrcp.java
d47eafd8ba9d259a69717e96d0c12671 ffd893928ddf6d7146e93bb5bc92d543 ./packages/apps/Bluetooth/src/com/android/bluetooth/btservice/AdapterService.java
d7bf020eb7d6d7d715bdc63192e14b06 ba0e60f68b957d26d4623a8c7fd0c5e5 ./packages/apps/Bluetooth/src/com/android/bluetooth/hid/HidService.java
b53be5302e681a9664fa77ae47a97b10 399bdec0a1da6baf265fb3ab0199404a ./system/core/include/private/android_filesystem_config.h
65a1629a555d8952e2fdff21d03df18d fd790a7e9f5fde3a7f9860a00918bcff ./system/core/include/system/audio.h
eaa73c84a5feaa6302a0a8685dadcedd 7afcf85cd57758d8e273fc02a1ae229d ./system/core/rootdir/init.rc
f540638c92b4904b630a57671ab593c5 d79e321e786aa14409087d8f3c48214c ./system/vold/Ext4.cpp
55f826c6248d8fd195db7a1e49f535af eda10e8dd9f1a79d15c56cf2bc00a77b ./system/vold/F2FS.cpp
